2025-10-08 09:42:09.874 +05:30 [INF] Starting up ShoeCartBackend...
2025-10-08 09:42:09.990 +05:30 [INF] User profile is available. Using 'C:\Users\rinsh\AppData\Local\ASP.NET\DataProtection-Keys' as key repository and Windows DPAPI to encrypt keys at rest.
2025-10-08 09:42:10.443 +05:30 [INF] Now listening on: http://localhost:58477
2025-10-08 09:42:10.445 +05:30 [INF] Now listening on: https://localhost:58476
2025-10-08 09:42:10.559 +05:30 [INF] Application started. Press Ctrl+C to shut down.
2025-10-08 09:42:10.562 +05:30 [INF] Hosting environment: Development
2025-10-08 09:42:10.563 +05:30 [INF] Content root path: C:\Users\rinsh\source\repos\ShoeCartBackend\ShoeCartBackend
2025-10-08 09:42:13.151 +05:30 [INF] Request starting HTTP/1.1 GET http://localhost:58477/ - null null
2025-10-08 09:42:13.646 +05:30 [INF] Request finished HTTP/1.1 GET http://localhost:58477/ - 307 0 null 877.7325ms
2025-10-08 09:42:13.780 +05:30 [INF] Request starting HTTP/2 GET https://localhost:58476/ - null null
2025-10-08 09:42:13.877 +05:30 [INF] Request finished HTTP/2 GET https://localhost:58476/ - 404 0 null 97.8587ms
2025-10-08 09:42:13.885 +05:30 [INF] Request reached the end of the middleware pipeline without being handled by application code. Request path: GET https://localhost:58476/, Response status code: 404
2025-10-08 09:42:20.570 +05:30 [INF] Request starting HTTP/2 GET https://localhost:58476/swagger/index.html - null null
2025-10-08 09:42:20.794 +05:30 [INF] Request finished HTTP/2 GET https://localhost:58476/swagger/index.html - 200 null text/html;charset=utf-8 225.1276ms
2025-10-08 09:42:20.824 +05:30 [INF] Request starting HTTP/2 GET https://localhost:58476/swagger/swagger-ui.css - null null
2025-10-08 09:42:20.824 +05:30 [INF] Request starting HTTP/2 GET https://localhost:58476/swagger/swagger-ui-bundle.js - null null
2025-10-08 09:42:20.826 +05:30 [INF] Request starting HTTP/2 GET https://localhost:58476/swagger/swagger-ui-standalone-preset.js - null null
2025-10-08 09:42:20.883 +05:30 [INF] Request starting HTTP/2 GET https://localhost:58476/_vs/browserLink - null null
2025-10-08 09:42:20.884 +05:30 [INF] Request starting HTTP/2 GET https://localhost:58476/_framework/aspnetcore-browser-refresh.js - null null
2025-10-08 09:42:20.914 +05:30 [INF] Sending file. Request path: '/swagger-ui.css'. Physical path: 'N/A'
2025-10-08 09:42:20.914 +05:30 [INF] Request finished HTTP/2 GET https://localhost:58476/_framework/aspnetcore-browser-refresh.js - 200 13766 application/javascript; charset=utf-8 30.3932ms
2025-10-08 09:42:20.917 +05:30 [INF] Request finished HTTP/2 GET https://localhost:58476/swagger/swagger-ui.css - 200 152034 text/css 93.1216ms
2025-10-08 09:42:20.914 +05:30 [INF] Sending file. Request path: '/swagger-ui-standalone-preset.js'. Physical path: 'N/A'
2025-10-08 09:42:20.939 +05:30 [INF] Request finished HTTP/2 GET https://localhost:58476/swagger/swagger-ui-standalone-preset.js - 200 230280 text/javascript 113.7874ms
2025-10-08 09:42:20.959 +05:30 [INF] Sending file. Request path: '/swagger-ui-bundle.js'. Physical path: 'N/A'
2025-10-08 09:42:20.961 +05:30 [INF] Request finished HTTP/2 GET https://localhost:58476/swagger/swagger-ui-bundle.js - 200 1456926 text/javascript 136.9875ms
2025-10-08 09:42:21.022 +05:30 [INF] Request finished HTTP/2 GET https://localhost:58476/_vs/browserLink - 200 null text/javascript; charset=UTF-8 138.9047ms
2025-10-08 09:42:21.246 +05:30 [INF] Request starting HTTP/2 GET https://localhost:58476/swagger/v1/swagger.json - null null
2025-10-08 09:42:21.278 +05:30 [INF] Request finished HTTP/2 GET https://localhost:58476/swagger/v1/swagger.json - 200 null application/json;charset=utf-8 32.4739ms
2025-10-08 09:43:07.086 +05:30 [INF] Request starting HTTP/2 GET https://localhost:58476/api/Products/filter?name=nike&page=1&pageSize=20&descending=false - null null
2025-10-08 09:43:07.213 +05:30 [INF] Executing endpoint 'ProductsController.GetFilteredProducts (ShoeCartBackend)'
2025-10-08 09:43:07.355 +05:30 [INF] Route matched with {action = "GetFilteredProducts", controller = "Products"}. Executing controller action with signature System.Threading.Tasks.Task`1[Microsoft.AspNetCore.Mvc.IActionResult] GetFilteredProducts(System.String, System.Nullable`1[System.Int32], System.String, System.Nullable`1[System.Decimal], System.Nullable`1[System.Decimal], System.Nullable`1[System.Boolean], Int32, Int32, System.String, Boolean) on controller ProductsController (ShoeCartBackend).
2025-10-08 09:43:08.699 +05:30 [WRN] No store type was specified for the decimal property 'Price' on entity type 'CartItem'. This will cause values to be silently truncated if they do not fit in the default precision and scale. Explicitly specify the SQL server column type that can accommodate all the values in 'OnModelCreating' using 'HasColumnType', specify precision and scale using 'HasPrecision', or configure a value converter using 'HasConversion'.
2025-10-08 09:43:08.703 +05:30 [WRN] No store type was specified for the decimal property 'Price' on entity type 'Product'. This will cause values to be silently truncated if they do not fit in the default precision and scale. Explicitly specify the SQL server column type that can accommodate all the values in 'OnModelCreating' using 'HasColumnType', specify precision and scale using 'HasPrecision', or configure a value converter using 'HasConversion'.
2025-10-08 09:43:09.065 +05:30 [WRN] The query uses a row limiting operator ('Skip'/'Take') without an 'OrderBy' operator. This may lead to unpredictable results. If the 'Distinct' operator is used after 'OrderBy', then make sure to use the 'OrderBy' operator after 'Distinct' as the ordering would otherwise get erased.
2025-10-08 09:43:09.068 +05:30 [WRN] The query uses a row limiting operator ('Skip'/'Take') without an 'OrderBy' operator. This may lead to unpredictable results. If the 'Distinct' operator is used after 'OrderBy', then make sure to use the 'OrderBy' operator after 'Distinct' as the ordering would otherwise get erased.
2025-10-08 09:43:09.217 +05:30 [WRN] Compiling a query which loads related collections for more than one collection navigation, either via 'Include' or through projection, but no 'QuerySplittingBehavior' has been configured. By default, Entity Framework will use 'QuerySplittingBehavior.SingleQuery', which can potentially result in slow query performance. See https://go.microsoft.com/fwlink/?linkid=2134277 for more information. To identify the query that's triggering this warning call 'ConfigureWarnings(w => w.Throw(RelationalEventId.MultipleCollectionIncludeWarning))'.
2025-10-08 09:43:10.066 +05:30 [INF] Executed DbCommand (169ms) [Parameters=[@__name_0_contains='?' (Size = 4000), @__p_1='?' (DbType = Int32), @__p_2='?' (DbType = Int32)], CommandType='"Text"', CommandTimeout='30']
SELECT [s].[Id], [s].[Brand], [s].[CategoryId], [s].[CreatedBy], [s].[CreatedOn], [s].[CurrentStock], [s].[DeletedBy], [s].[DeletedOn], [s].[Description], [s].[InStock], [s].[IsActive], [s].[IsDeleted], [s].[ModifiedBy], [s].[ModifiedOn], [s].[Name], [s].[Price], [s].[SpecialOffer], [s].[Id0], [s].[CreatedBy0], [s].[CreatedOn0], [s].[DeletedBy0], [s].[DeletedOn0], [s].[IsDeleted0], [s].[ModifiedBy0], [s].[ModifiedOn0], [s].[Name0], [p0].[Id], [p0].[CreatedBy], [p0].[CreatedOn], [p0].[DeletedBy], [p0].[DeletedOn], [p0].[ImageData], [p0].[ImageMimeType], [p0].[IsDeleted], [p0].[IsMain], [p0].[ModifiedBy], [p0].[ModifiedOn], [p0].[ProductId], [p1].[Id], [p1].[CreatedBy], [p1].[CreatedOn], [p1].[DeletedBy], [p1].[DeletedOn], [p1].[IsDeleted], [p1].[ModifiedBy], [p1].[ModifiedOn], [p1].[ProductId], [p1].[Size]
FROM (
    SELECT [p].[Id], [p].[Brand], [p].[CategoryId], [p].[CreatedBy], [p].[CreatedOn], [p].[CurrentStock], [p].[DeletedBy], [p].[DeletedOn], [p].[Description], [p].[InStock], [p].[IsActive], [p].[IsDeleted], [p].[ModifiedBy], [p].[ModifiedOn], [p].[Name], [p].[Price], [p].[SpecialOffer], [c].[Id] AS [Id0], [c].[CreatedBy] AS [CreatedBy0], [c].[CreatedOn] AS [CreatedOn0], [c].[DeletedBy] AS [DeletedBy0], [c].[DeletedOn] AS [DeletedOn0], [c].[IsDeleted] AS [IsDeleted0], [c].[ModifiedBy] AS [ModifiedBy0], [c].[ModifiedOn] AS [ModifiedOn0], [c].[Name] AS [Name0]
    FROM [Products] AS [p]
    INNER JOIN [Categories] AS [c] ON [p].[CategoryId] = [c].[Id]
    WHERE [p].[Name] LIKE @__name_0_contains ESCAPE N'\' OR [c].[Name] LIKE @__name_0_contains ESCAPE N'\' OR [p].[Brand] LIKE @__name_0_contains ESCAPE N'\'
    ORDER BY (SELECT 1)
    OFFSET @__p_1 ROWS FETCH NEXT @__p_2 ROWS ONLY
) AS [s]
LEFT JOIN [ProductImage] AS [p0] ON [s].[Id] = [p0].[ProductId]
LEFT JOIN [ProductSize] AS [p1] ON [s].[Id] = [p1].[ProductId]
ORDER BY [s].[Id], [s].[Id0], [p0].[Id]
2025-10-08 09:43:10.325 +05:30 [INF] Executing ObjectResult, writing value of type 'ShoeCartBackend.Common.ApiResponse`1[[System.Collections.Generic.IEnumerable`1[[ProductDTO, ShoeCartBackend, Version=1.0.0.0, Culture=neutral, PublicKeyToken=null]], System.Private.CoreLib, Version=8.0.0.0, Culture=neutral, PublicKeyToken=7cec85d7bea7798e]]'.
2025-10-08 09:43:10.356 +05:30 [INF] Executed action ProductsController.GetFilteredProducts (ShoeCartBackend) in 2970.8233ms
2025-10-08 09:43:10.359 +05:30 [INF] Executed endpoint 'ProductsController.GetFilteredProducts (ShoeCartBackend)'
2025-10-08 09:43:10.369 +05:30 [INF] Request finished HTTP/2 GET https://localhost:58476/api/Products/filter?name=nike&page=1&pageSize=20&descending=false - 200 null application/json; charset=utf-8 3283.9976ms
2025-10-08 09:43:22.375 +05:30 [INF] Request starting HTTP/2 GET https://localhost:58476/api/Products/filter?name=nike&categoryId=9&page=1&pageSize=20&descending=false - null null
2025-10-08 09:43:22.408 +05:30 [INF] Executing endpoint 'ProductsController.GetFilteredProducts (ShoeCartBackend)'
2025-10-08 09:43:22.412 +05:30 [INF] Route matched with {action = "GetFilteredProducts", controller = "Products"}. Executing controller action with signature System.Threading.Tasks.Task`1[Microsoft.AspNetCore.Mvc.IActionResult] GetFilteredProducts(System.String, System.Nullable`1[System.Int32], System.String, System.Nullable`1[System.Decimal], System.Nullable`1[System.Decimal], System.Nullable`1[System.Boolean], Int32, Int32, System.String, Boolean) on controller ProductsController (ShoeCartBackend).
2025-10-08 09:43:22.459 +05:30 [WRN] The query uses a row limiting operator ('Skip'/'Take') without an 'OrderBy' operator. This may lead to unpredictable results. If the 'Distinct' operator is used after 'OrderBy', then make sure to use the 'OrderBy' operator after 'Distinct' as the ordering would otherwise get erased.
2025-10-08 09:43:22.462 +05:30 [WRN] The query uses a row limiting operator ('Skip'/'Take') without an 'OrderBy' operator. This may lead to unpredictable results. If the 'Distinct' operator is used after 'OrderBy', then make sure to use the 'OrderBy' operator after 'Distinct' as the ordering would otherwise get erased.
2025-10-08 09:43:22.477 +05:30 [WRN] Compiling a query which loads related collections for more than one collection navigation, either via 'Include' or through projection, but no 'QuerySplittingBehavior' has been configured. By default, Entity Framework will use 'QuerySplittingBehavior.SingleQuery', which can potentially result in slow query performance. See https://go.microsoft.com/fwlink/?linkid=2134277 for more information. To identify the query that's triggering this warning call 'ConfigureWarnings(w => w.Throw(RelationalEventId.MultipleCollectionIncludeWarning))'.
2025-10-08 09:43:22.541 +05:30 [INF] Executed DbCommand (20ms) [Parameters=[@__name_0_contains='?' (Size = 4000), @__categoryId_Value_1='?' (DbType = Int32), @__p_2='?' (DbType = Int32), @__p_3='?' (DbType = Int32)], CommandType='"Text"', CommandTimeout='30']
SELECT [s].[Id], [s].[Brand], [s].[CategoryId], [s].[CreatedBy], [s].[CreatedOn], [s].[CurrentStock], [s].[DeletedBy], [s].[DeletedOn], [s].[Description], [s].[InStock], [s].[IsActive], [s].[IsDeleted], [s].[ModifiedBy], [s].[ModifiedOn], [s].[Name], [s].[Price], [s].[SpecialOffer], [s].[Id0], [s].[CreatedBy0], [s].[CreatedOn0], [s].[DeletedBy0], [s].[DeletedOn0], [s].[IsDeleted0], [s].[ModifiedBy0], [s].[ModifiedOn0], [s].[Name0], [p0].[Id], [p0].[CreatedBy], [p0].[CreatedOn], [p0].[DeletedBy], [p0].[DeletedOn], [p0].[ImageData], [p0].[ImageMimeType], [p0].[IsDeleted], [p0].[IsMain], [p0].[ModifiedBy], [p0].[ModifiedOn], [p0].[ProductId], [p1].[Id], [p1].[CreatedBy], [p1].[CreatedOn], [p1].[DeletedBy], [p1].[DeletedOn], [p1].[IsDeleted], [p1].[ModifiedBy], [p1].[ModifiedOn], [p1].[ProductId], [p1].[Size]
FROM (
    SELECT [p].[Id], [p].[Brand], [p].[CategoryId], [p].[CreatedBy], [p].[CreatedOn], [p].[CurrentStock], [p].[DeletedBy], [p].[DeletedOn], [p].[Description], [p].[InStock], [p].[IsActive], [p].[IsDeleted], [p].[ModifiedBy], [p].[ModifiedOn], [p].[Name], [p].[Price], [p].[SpecialOffer], [c].[Id] AS [Id0], [c].[CreatedBy] AS [CreatedBy0], [c].[CreatedOn] AS [CreatedOn0], [c].[DeletedBy] AS [DeletedBy0], [c].[DeletedOn] AS [DeletedOn0], [c].[IsDeleted] AS [IsDeleted0], [c].[ModifiedBy] AS [ModifiedBy0], [c].[ModifiedOn] AS [ModifiedOn0], [c].[Name] AS [Name0]
    FROM [Products] AS [p]
    INNER JOIN [Categories] AS [c] ON [p].[CategoryId] = [c].[Id]
    WHERE ([p].[Name] LIKE @__name_0_contains ESCAPE N'\' OR [c].[Name] LIKE @__name_0_contains ESCAPE N'\' OR [p].[Brand] LIKE @__name_0_contains ESCAPE N'\') AND [p].[CategoryId] = @__categoryId_Value_1
    ORDER BY (SELECT 1)
    OFFSET @__p_2 ROWS FETCH NEXT @__p_3 ROWS ONLY
) AS [s]
LEFT JOIN [ProductImage] AS [p0] ON [s].[Id] = [p0].[ProductId]
LEFT JOIN [ProductSize] AS [p1] ON [s].[Id] = [p1].[ProductId]
ORDER BY [s].[Id], [s].[Id0], [p0].[Id]
2025-10-08 09:43:22.559 +05:30 [INF] Executing ObjectResult, writing value of type 'ShoeCartBackend.Common.ApiResponse`1[[System.Collections.Generic.IEnumerable`1[[ProductDTO, ShoeCartBackend, Version=1.0.0.0, Culture=neutral, PublicKeyToken=null]], System.Private.CoreLib, Version=8.0.0.0, Culture=neutral, PublicKeyToken=7cec85d7bea7798e]]'.
2025-10-08 09:43:22.563 +05:30 [INF] Executed action ProductsController.GetFilteredProducts (ShoeCartBackend) in 143.9306ms
2025-10-08 09:43:22.565 +05:30 [INF] Executed endpoint 'ProductsController.GetFilteredProducts (ShoeCartBackend)'
2025-10-08 09:43:22.566 +05:30 [INF] Request finished HTTP/2 GET https://localhost:58476/api/Products/filter?name=nike&categoryId=9&page=1&pageSize=20&descending=false - 200 null application/json; charset=utf-8 191.7921ms
2025-10-08 09:43:36.742 +05:30 [INF] Request starting HTTP/2 GET https://localhost:58476/api/Products/filter?name=nike&categoryId=9&inStock=false&page=1&pageSize=20&descending=false - null null
2025-10-08 09:43:36.761 +05:30 [INF] Executing endpoint 'ProductsController.GetFilteredProducts (ShoeCartBackend)'
2025-10-08 09:43:36.763 +05:30 [INF] Route matched with {action = "GetFilteredProducts", controller = "Products"}. Executing controller action with signature System.Threading.Tasks.Task`1[Microsoft.AspNetCore.Mvc.IActionResult] GetFilteredProducts(System.String, System.Nullable`1[System.Int32], System.String, System.Nullable`1[System.Decimal], System.Nullable`1[System.Decimal], System.Nullable`1[System.Boolean], Int32, Int32, System.String, Boolean) on controller ProductsController (ShoeCartBackend).
2025-10-08 09:43:36.829 +05:30 [WRN] The query uses a row limiting operator ('Skip'/'Take') without an 'OrderBy' operator. This may lead to unpredictable results. If the 'Distinct' operator is used after 'OrderBy', then make sure to use the 'OrderBy' operator after 'Distinct' as the ordering would otherwise get erased.
2025-10-08 09:43:36.832 +05:30 [WRN] The query uses a row limiting operator ('Skip'/'Take') without an 'OrderBy' operator. This may lead to unpredictable results. If the 'Distinct' operator is used after 'OrderBy', then make sure to use the 'OrderBy' operator after 'Distinct' as the ordering would otherwise get erased.
2025-10-08 09:43:36.838 +05:30 [WRN] Compiling a query which loads related collections for more than one collection navigation, either via 'Include' or through projection, but no 'QuerySplittingBehavior' has been configured. By default, Entity Framework will use 'QuerySplittingBehavior.SingleQuery', which can potentially result in slow query performance. See https://go.microsoft.com/fwlink/?linkid=2134277 for more information. To identify the query that's triggering this warning call 'ConfigureWarnings(w => w.Throw(RelationalEventId.MultipleCollectionIncludeWarning))'.
2025-10-08 09:43:36.884 +05:30 [INF] Executed DbCommand (23ms) [Parameters=[@__name_0_contains='?' (Size = 4000), @__categoryId_Value_1='?' (DbType = Int32), @__inStock_Value_2='?' (DbType = Boolean), @__p_3='?' (DbType = Int32), @__p_4='?' (DbType = Int32)], CommandType='"Text"', CommandTimeout='30']
SELECT [s].[Id], [s].[Brand], [s].[CategoryId], [s].[CreatedBy], [s].[CreatedOn], [s].[CurrentStock], [s].[DeletedBy], [s].[DeletedOn], [s].[Description], [s].[InStock], [s].[IsActive], [s].[IsDeleted], [s].[ModifiedBy], [s].[ModifiedOn], [s].[Name], [s].[Price], [s].[SpecialOffer], [s].[Id0], [s].[CreatedBy0], [s].[CreatedOn0], [s].[DeletedBy0], [s].[DeletedOn0], [s].[IsDeleted0], [s].[ModifiedBy0], [s].[ModifiedOn0], [s].[Name0], [p0].[Id], [p0].[CreatedBy], [p0].[CreatedOn], [p0].[DeletedBy], [p0].[DeletedOn], [p0].[ImageData], [p0].[ImageMimeType], [p0].[IsDeleted], [p0].[IsMain], [p0].[ModifiedBy], [p0].[ModifiedOn], [p0].[ProductId], [p1].[Id], [p1].[CreatedBy], [p1].[CreatedOn], [p1].[DeletedBy], [p1].[DeletedOn], [p1].[IsDeleted], [p1].[ModifiedBy], [p1].[ModifiedOn], [p1].[ProductId], [p1].[Size]
FROM (
    SELECT [p].[Id], [p].[Brand], [p].[CategoryId], [p].[CreatedBy], [p].[CreatedOn], [p].[CurrentStock], [p].[DeletedBy], [p].[DeletedOn], [p].[Description], [p].[InStock], [p].[IsActive], [p].[IsDeleted], [p].[ModifiedBy], [p].[ModifiedOn], [p].[Name], [p].[Price], [p].[SpecialOffer], [c].[Id] AS [Id0], [c].[CreatedBy] AS [CreatedBy0], [c].[CreatedOn] AS [CreatedOn0], [c].[DeletedBy] AS [DeletedBy0], [c].[DeletedOn] AS [DeletedOn0], [c].[IsDeleted] AS [IsDeleted0], [c].[ModifiedBy] AS [ModifiedBy0], [c].[ModifiedOn] AS [ModifiedOn0], [c].[Name] AS [Name0]
    FROM [Products] AS [p]
    INNER JOIN [Categories] AS [c] ON [p].[CategoryId] = [c].[Id]
    WHERE ([p].[Name] LIKE @__name_0_contains ESCAPE N'\' OR [c].[Name] LIKE @__name_0_contains ESCAPE N'\' OR [p].[Brand] LIKE @__name_0_contains ESCAPE N'\') AND [p].[CategoryId] = @__categoryId_Value_1 AND [p].[InStock] = @__inStock_Value_2
    ORDER BY (SELECT 1)
    OFFSET @__p_3 ROWS FETCH NEXT @__p_4 ROWS ONLY
) AS [s]
LEFT JOIN [ProductImage] AS [p0] ON [s].[Id] = [p0].[ProductId]
LEFT JOIN [ProductSize] AS [p1] ON [s].[Id] = [p1].[ProductId]
ORDER BY [s].[Id], [s].[Id0], [p0].[Id]
2025-10-08 09:43:36.889 +05:30 [INF] Executing ObjectResult, writing value of type 'ShoeCartBackend.Common.ApiResponse`1[[System.Collections.Generic.IEnumerable`1[[ProductDTO, ShoeCartBackend, Version=1.0.0.0, Culture=neutral, PublicKeyToken=null]], System.Private.CoreLib, Version=8.0.0.0, Culture=neutral, PublicKeyToken=7cec85d7bea7798e]]'.
2025-10-08 09:43:36.892 +05:30 [INF] Executed action ProductsController.GetFilteredProducts (ShoeCartBackend) in 122.0976ms
2025-10-08 09:43:36.894 +05:30 [INF] Executed endpoint 'ProductsController.GetFilteredProducts (ShoeCartBackend)'
2025-10-08 09:43:36.895 +05:30 [INF] Request finished HTTP/2 GET https://localhost:58476/api/Products/filter?name=nike&categoryId=9&inStock=false&page=1&pageSize=20&descending=false - 200 null application/json; charset=utf-8 153.3952ms
2025-10-08 09:45:29.386 +05:30 [INF] Request starting HTTP/2 GET https://localhost:58476/api/Products/filter?name=nike&categoryId=9&inStock=false&page=1&pageSize=2&descending=false - null null
2025-10-08 09:45:29.398 +05:30 [INF] Executing endpoint 'ProductsController.GetFilteredProducts (ShoeCartBackend)'
2025-10-08 09:45:29.399 +05:30 [INF] Route matched with {action = "GetFilteredProducts", controller = "Products"}. Executing controller action with signature System.Threading.Tasks.Task`1[Microsoft.AspNetCore.Mvc.IActionResult] GetFilteredProducts(System.String, System.Nullable`1[System.Int32], System.String, System.Nullable`1[System.Decimal], System.Nullable`1[System.Decimal], System.Nullable`1[System.Boolean], Int32, Int32, System.String, Boolean) on controller ProductsController (ShoeCartBackend).
2025-10-08 09:45:29.423 +05:30 [INF] Executed DbCommand (17ms) [Parameters=[@__name_0_contains='?' (Size = 4000), @__categoryId_Value_1='?' (DbType = Int32), @__inStock_Value_2='?' (DbType = Boolean), @__p_3='?' (DbType = Int32), @__p_4='?' (DbType = Int32)], CommandType='"Text"', CommandTimeout='30']
SELECT [s].[Id], [s].[Brand], [s].[CategoryId], [s].[CreatedBy], [s].[CreatedOn], [s].[CurrentStock], [s].[DeletedBy], [s].[DeletedOn], [s].[Description], [s].[InStock], [s].[IsActive], [s].[IsDeleted], [s].[ModifiedBy], [s].[ModifiedOn], [s].[Name], [s].[Price], [s].[SpecialOffer], [s].[Id0], [s].[CreatedBy0], [s].[CreatedOn0], [s].[DeletedBy0], [s].[DeletedOn0], [s].[IsDeleted0], [s].[ModifiedBy0], [s].[ModifiedOn0], [s].[Name0], [p0].[Id], [p0].[CreatedBy], [p0].[CreatedOn], [p0].[DeletedBy], [p0].[DeletedOn], [p0].[ImageData], [p0].[ImageMimeType], [p0].[IsDeleted], [p0].[IsMain], [p0].[ModifiedBy], [p0].[ModifiedOn], [p0].[ProductId], [p1].[Id], [p1].[CreatedBy], [p1].[CreatedOn], [p1].[DeletedBy], [p1].[DeletedOn], [p1].[IsDeleted], [p1].[ModifiedBy], [p1].[ModifiedOn], [p1].[ProductId], [p1].[Size]
FROM (
    SELECT [p].[Id], [p].[Brand], [p].[CategoryId], [p].[CreatedBy], [p].[CreatedOn], [p].[CurrentStock], [p].[DeletedBy], [p].[DeletedOn], [p].[Description], [p].[InStock], [p].[IsActive], [p].[IsDeleted], [p].[ModifiedBy], [p].[ModifiedOn], [p].[Name], [p].[Price], [p].[SpecialOffer], [c].[Id] AS [Id0], [c].[CreatedBy] AS [CreatedBy0], [c].[CreatedOn] AS [CreatedOn0], [c].[DeletedBy] AS [DeletedBy0], [c].[DeletedOn] AS [DeletedOn0], [c].[IsDeleted] AS [IsDeleted0], [c].[ModifiedBy] AS [ModifiedBy0], [c].[ModifiedOn] AS [ModifiedOn0], [c].[Name] AS [Name0]
    FROM [Products] AS [p]
    INNER JOIN [Categories] AS [c] ON [p].[CategoryId] = [c].[Id]
    WHERE ([p].[Name] LIKE @__name_0_contains ESCAPE N'\' OR [c].[Name] LIKE @__name_0_contains ESCAPE N'\' OR [p].[Brand] LIKE @__name_0_contains ESCAPE N'\') AND [p].[CategoryId] = @__categoryId_Value_1 AND [p].[InStock] = @__inStock_Value_2
    ORDER BY (SELECT 1)
    OFFSET @__p_3 ROWS FETCH NEXT @__p_4 ROWS ONLY
) AS [s]
LEFT JOIN [ProductImage] AS [p0] ON [s].[Id] = [p0].[ProductId]
LEFT JOIN [ProductSize] AS [p1] ON [s].[Id] = [p1].[ProductId]
ORDER BY [s].[Id], [s].[Id0], [p0].[Id]
2025-10-08 09:45:29.426 +05:30 [INF] Executing ObjectResult, writing value of type 'ShoeCartBackend.Common.ApiResponse`1[[System.Collections.Generic.IEnumerable`1[[ProductDTO, ShoeCartBackend, Version=1.0.0.0, Culture=neutral, PublicKeyToken=null]], System.Private.CoreLib, Version=8.0.0.0, Culture=neutral, PublicKeyToken=7cec85d7bea7798e]]'.
2025-10-08 09:45:29.428 +05:30 [INF] Executed action ProductsController.GetFilteredProducts (ShoeCartBackend) in 27.353ms
2025-10-08 09:45:29.429 +05:30 [INF] Executed endpoint 'ProductsController.GetFilteredProducts (ShoeCartBackend)'
2025-10-08 09:45:29.431 +05:30 [INF] Request finished HTTP/2 GET https://localhost:58476/api/Products/filter?name=nike&categoryId=9&inStock=false&page=1&pageSize=2&descending=false - 200 null application/json; charset=utf-8 44.5356ms
2025-10-08 09:45:38.317 +05:30 [INF] Request starting HTTP/2 GET https://localhost:58476/api/Products/filter?name=nike&inStock=true&page=1&pageSize=2&descending=false - null null
2025-10-08 09:45:38.354 +05:30 [INF] Executing endpoint 'ProductsController.GetFilteredProducts (ShoeCartBackend)'
2025-10-08 09:45:38.360 +05:30 [INF] Route matched with {action = "GetFilteredProducts", controller = "Products"}. Executing controller action with signature System.Threading.Tasks.Task`1[Microsoft.AspNetCore.Mvc.IActionResult] GetFilteredProducts(System.String, System.Nullable`1[System.Int32], System.String, System.Nullable`1[System.Decimal], System.Nullable`1[System.Decimal], System.Nullable`1[System.Boolean], Int32, Int32, System.String, Boolean) on controller ProductsController (ShoeCartBackend).
2025-10-08 09:45:38.386 +05:30 [WRN] The query uses a row limiting operator ('Skip'/'Take') without an 'OrderBy' operator. This may lead to unpredictable results. If the 'Distinct' operator is used after 'OrderBy', then make sure to use the 'OrderBy' operator after 'Distinct' as the ordering would otherwise get erased.
2025-10-08 09:45:38.398 +05:30 [WRN] The query uses a row limiting operator ('Skip'/'Take') without an 'OrderBy' operator. This may lead to unpredictable results. If the 'Distinct' operator is used after 'OrderBy', then make sure to use the 'OrderBy' operator after 'Distinct' as the ordering would otherwise get erased.
2025-10-08 09:45:38.428 +05:30 [WRN] Compiling a query which loads related collections for more than one collection navigation, either via 'Include' or through projection, but no 'QuerySplittingBehavior' has been configured. By default, Entity Framework will use 'QuerySplittingBehavior.SingleQuery', which can potentially result in slow query performance. See https://go.microsoft.com/fwlink/?linkid=2134277 for more information. To identify the query that's triggering this warning call 'ConfigureWarnings(w => w.Throw(RelationalEventId.MultipleCollectionIncludeWarning))'.
2025-10-08 09:45:38.492 +05:30 [INF] Executed DbCommand (28ms) [Parameters=[@__name_0_contains='?' (Size = 4000), @__inStock_Value_1='?' (DbType = Boolean), @__p_2='?' (DbType = Int32), @__p_3='?' (DbType = Int32)], CommandType='"Text"', CommandTimeout='30']
SELECT [s].[Id], [s].[Brand], [s].[CategoryId], [s].[CreatedBy], [s].[CreatedOn], [s].[CurrentStock], [s].[DeletedBy], [s].[DeletedOn], [s].[Description], [s].[InStock], [s].[IsActive], [s].[IsDeleted], [s].[ModifiedBy], [s].[ModifiedOn], [s].[Name], [s].[Price], [s].[SpecialOffer], [s].[Id0], [s].[CreatedBy0], [s].[CreatedOn0], [s].[DeletedBy0], [s].[DeletedOn0], [s].[IsDeleted0], [s].[ModifiedBy0], [s].[ModifiedOn0], [s].[Name0], [p0].[Id], [p0].[CreatedBy], [p0].[CreatedOn], [p0].[DeletedBy], [p0].[DeletedOn], [p0].[ImageData], [p0].[ImageMimeType], [p0].[IsDeleted], [p0].[IsMain], [p0].[ModifiedBy], [p0].[ModifiedOn], [p0].[ProductId], [p1].[Id], [p1].[CreatedBy], [p1].[CreatedOn], [p1].[DeletedBy], [p1].[DeletedOn], [p1].[IsDeleted], [p1].[ModifiedBy], [p1].[ModifiedOn], [p1].[ProductId], [p1].[Size]
FROM (
    SELECT [p].[Id], [p].[Brand], [p].[CategoryId], [p].[CreatedBy], [p].[CreatedOn], [p].[CurrentStock], [p].[DeletedBy], [p].[DeletedOn], [p].[Description], [p].[InStock], [p].[IsActive], [p].[IsDeleted], [p].[ModifiedBy], [p].[ModifiedOn], [p].[Name], [p].[Price], [p].[SpecialOffer], [c].[Id] AS [Id0], [c].[CreatedBy] AS [CreatedBy0], [c].[CreatedOn] AS [CreatedOn0], [c].[DeletedBy] AS [DeletedBy0], [c].[DeletedOn] AS [DeletedOn0], [c].[IsDeleted] AS [IsDeleted0], [c].[ModifiedBy] AS [ModifiedBy0], [c].[ModifiedOn] AS [ModifiedOn0], [c].[Name] AS [Name0]
    FROM [Products] AS [p]
    INNER JOIN [Categories] AS [c] ON [p].[CategoryId] = [c].[Id]
    WHERE ([p].[Name] LIKE @__name_0_contains ESCAPE N'\' OR [c].[Name] LIKE @__name_0_contains ESCAPE N'\' OR [p].[Brand] LIKE @__name_0_contains ESCAPE N'\') AND [p].[InStock] = @__inStock_Value_1
    ORDER BY (SELECT 1)
    OFFSET @__p_2 ROWS FETCH NEXT @__p_3 ROWS ONLY
) AS [s]
LEFT JOIN [ProductImage] AS [p0] ON [s].[Id] = [p0].[ProductId]
LEFT JOIN [ProductSize] AS [p1] ON [s].[Id] = [p1].[ProductId]
ORDER BY [s].[Id], [s].[Id0], [p0].[Id]
2025-10-08 09:45:38.505 +05:30 [INF] Executing ObjectResult, writing value of type 'ShoeCartBackend.Common.ApiResponse`1[[System.Collections.Generic.IEnumerable`1[[ProductDTO, ShoeCartBackend, Version=1.0.0.0, Culture=neutral, PublicKeyToken=null]], System.Private.CoreLib, Version=8.0.0.0, Culture=neutral, PublicKeyToken=7cec85d7bea7798e]]'.
2025-10-08 09:45:38.508 +05:30 [INF] Executed action ProductsController.GetFilteredProducts (ShoeCartBackend) in 130.8513ms
2025-10-08 09:45:38.510 +05:30 [INF] Executed endpoint 'ProductsController.GetFilteredProducts (ShoeCartBackend)'
2025-10-08 09:45:38.511 +05:30 [INF] Request finished HTTP/2 GET https://localhost:58476/api/Products/filter?name=nike&inStock=true&page=1&pageSize=2&descending=false - 200 null application/json; charset=utf-8 194.9428ms
2025-10-08 09:45:47.518 +05:30 [INF] Request starting HTTP/2 GET https://localhost:58476/api/Products/filter?name=nike&inStock=true&page=1&pageSize=3&descending=false - null null
2025-10-08 09:45:47.534 +05:30 [INF] Executing endpoint 'ProductsController.GetFilteredProducts (ShoeCartBackend)'
2025-10-08 09:45:47.535 +05:30 [INF] Route matched with {action = "GetFilteredProducts", controller = "Products"}. Executing controller action with signature System.Threading.Tasks.Task`1[Microsoft.AspNetCore.Mvc.IActionResult] GetFilteredProducts(System.String, System.Nullable`1[System.Int32], System.String, System.Nullable`1[System.Decimal], System.Nullable`1[System.Decimal], System.Nullable`1[System.Boolean], Int32, Int32, System.String, Boolean) on controller ProductsController (ShoeCartBackend).
2025-10-08 09:45:47.574 +05:30 [INF] Executed DbCommand (30ms) [Parameters=[@__name_0_contains='?' (Size = 4000), @__inStock_Value_1='?' (DbType = Boolean), @__p_2='?' (DbType = Int32), @__p_3='?' (DbType = Int32)], CommandType='"Text"', CommandTimeout='30']
SELECT [s].[Id], [s].[Brand], [s].[CategoryId], [s].[CreatedBy], [s].[CreatedOn], [s].[CurrentStock], [s].[DeletedBy], [s].[DeletedOn], [s].[Description], [s].[InStock], [s].[IsActive], [s].[IsDeleted], [s].[ModifiedBy], [s].[ModifiedOn], [s].[Name], [s].[Price], [s].[SpecialOffer], [s].[Id0], [s].[CreatedBy0], [s].[CreatedOn0], [s].[DeletedBy0], [s].[DeletedOn0], [s].[IsDeleted0], [s].[ModifiedBy0], [s].[ModifiedOn0], [s].[Name0], [p0].[Id], [p0].[CreatedBy], [p0].[CreatedOn], [p0].[DeletedBy], [p0].[DeletedOn], [p0].[ImageData], [p0].[ImageMimeType], [p0].[IsDeleted], [p0].[IsMain], [p0].[ModifiedBy], [p0].[ModifiedOn], [p0].[ProductId], [p1].[Id], [p1].[CreatedBy], [p1].[CreatedOn], [p1].[DeletedBy], [p1].[DeletedOn], [p1].[IsDeleted], [p1].[ModifiedBy], [p1].[ModifiedOn], [p1].[ProductId], [p1].[Size]
FROM (
    SELECT [p].[Id], [p].[Brand], [p].[CategoryId], [p].[CreatedBy], [p].[CreatedOn], [p].[CurrentStock], [p].[DeletedBy], [p].[DeletedOn], [p].[Description], [p].[InStock], [p].[IsActive], [p].[IsDeleted], [p].[ModifiedBy], [p].[ModifiedOn], [p].[Name], [p].[Price], [p].[SpecialOffer], [c].[Id] AS [Id0], [c].[CreatedBy] AS [CreatedBy0], [c].[CreatedOn] AS [CreatedOn0], [c].[DeletedBy] AS [DeletedBy0], [c].[DeletedOn] AS [DeletedOn0], [c].[IsDeleted] AS [IsDeleted0], [c].[ModifiedBy] AS [ModifiedBy0], [c].[ModifiedOn] AS [ModifiedOn0], [c].[Name] AS [Name0]
    FROM [Products] AS [p]
    INNER JOIN [Categories] AS [c] ON [p].[CategoryId] = [c].[Id]
    WHERE ([p].[Name] LIKE @__name_0_contains ESCAPE N'\' OR [c].[Name] LIKE @__name_0_contains ESCAPE N'\' OR [p].[Brand] LIKE @__name_0_contains ESCAPE N'\') AND [p].[InStock] = @__inStock_Value_1
    ORDER BY (SELECT 1)
    OFFSET @__p_2 ROWS FETCH NEXT @__p_3 ROWS ONLY
) AS [s]
LEFT JOIN [ProductImage] AS [p0] ON [s].[Id] = [p0].[ProductId]
LEFT JOIN [ProductSize] AS [p1] ON [s].[Id] = [p1].[ProductId]
ORDER BY [s].[Id], [s].[Id0], [p0].[Id]
2025-10-08 09:45:47.581 +05:30 [INF] Executing ObjectResult, writing value of type 'ShoeCartBackend.Common.ApiResponse`1[[System.Collections.Generic.IEnumerable`1[[ProductDTO, ShoeCartBackend, Version=1.0.0.0, Culture=neutral, PublicKeyToken=null]], System.Private.CoreLib, Version=8.0.0.0, Culture=neutral, PublicKeyToken=7cec85d7bea7798e]]'.
2025-10-08 09:45:47.584 +05:30 [INF] Executed action ProductsController.GetFilteredProducts (ShoeCartBackend) in 45.8229ms
2025-10-08 09:45:47.585 +05:30 [INF] Executed endpoint 'ProductsController.GetFilteredProducts (ShoeCartBackend)'
2025-10-08 09:45:47.587 +05:30 [INF] Request finished HTTP/2 GET https://localhost:58476/api/Products/filter?name=nike&inStock=true&page=1&pageSize=3&descending=false - 200 null application/json; charset=utf-8 69.2147ms
2025-10-08 09:46:29.507 +05:30 [INF] Request starting HTTP/2 GET https://localhost:58476/api/Products/filter?name=nike&inStock=true&page=1&pageSize=3&descending=true - null null
2025-10-08 09:46:29.551 +05:30 [INF] Executing endpoint 'ProductsController.GetFilteredProducts (ShoeCartBackend)'
2025-10-08 09:46:29.553 +05:30 [INF] Route matched with {action = "GetFilteredProducts", controller = "Products"}. Executing controller action with signature System.Threading.Tasks.Task`1[Microsoft.AspNetCore.Mvc.IActionResult] GetFilteredProducts(System.String, System.Nullable`1[System.Int32], System.String, System.Nullable`1[System.Decimal], System.Nullable`1[System.Decimal], System.Nullable`1[System.Boolean], Int32, Int32, System.String, Boolean) on controller ProductsController (ShoeCartBackend).
2025-10-08 09:46:29.576 +05:30 [INF] Executed DbCommand (8ms) [Parameters=[@__name_0_contains='?' (Size = 4000), @__inStock_Value_1='?' (DbType = Boolean), @__p_2='?' (DbType = Int32), @__p_3='?' (DbType = Int32)], CommandType='"Text"', CommandTimeout='30']
SELECT [s].[Id], [s].[Brand], [s].[CategoryId], [s].[CreatedBy], [s].[CreatedOn], [s].[CurrentStock], [s].[DeletedBy], [s].[DeletedOn], [s].[Description], [s].[InStock], [s].[IsActive], [s].[IsDeleted], [s].[ModifiedBy], [s].[ModifiedOn], [s].[Name], [s].[Price], [s].[SpecialOffer], [s].[Id0], [s].[CreatedBy0], [s].[CreatedOn0], [s].[DeletedBy0], [s].[DeletedOn0], [s].[IsDeleted0], [s].[ModifiedBy0], [s].[ModifiedOn0], [s].[Name0], [p0].[Id], [p0].[CreatedBy], [p0].[CreatedOn], [p0].[DeletedBy], [p0].[DeletedOn], [p0].[ImageData], [p0].[ImageMimeType], [p0].[IsDeleted], [p0].[IsMain], [p0].[ModifiedBy], [p0].[ModifiedOn], [p0].[ProductId], [p1].[Id], [p1].[CreatedBy], [p1].[CreatedOn], [p1].[DeletedBy], [p1].[DeletedOn], [p1].[IsDeleted], [p1].[ModifiedBy], [p1].[ModifiedOn], [p1].[ProductId], [p1].[Size]
FROM (
    SELECT [p].[Id], [p].[Brand], [p].[CategoryId], [p].[CreatedBy], [p].[CreatedOn], [p].[CurrentStock], [p].[DeletedBy], [p].[DeletedOn], [p].[Description], [p].[InStock], [p].[IsActive], [p].[IsDeleted], [p].[ModifiedBy], [p].[ModifiedOn], [p].[Name], [p].[Price], [p].[SpecialOffer], [c].[Id] AS [Id0], [c].[CreatedBy] AS [CreatedBy0], [c].[CreatedOn] AS [CreatedOn0], [c].[DeletedBy] AS [DeletedBy0], [c].[DeletedOn] AS [DeletedOn0], [c].[IsDeleted] AS [IsDeleted0], [c].[ModifiedBy] AS [ModifiedBy0], [c].[ModifiedOn] AS [ModifiedOn0], [c].[Name] AS [Name0]
    FROM [Products] AS [p]
    INNER JOIN [Categories] AS [c] ON [p].[CategoryId] = [c].[Id]
    WHERE ([p].[Name] LIKE @__name_0_contains ESCAPE N'\' OR [c].[Name] LIKE @__name_0_contains ESCAPE N'\' OR [p].[Brand] LIKE @__name_0_contains ESCAPE N'\') AND [p].[InStock] = @__inStock_Value_1
    ORDER BY (SELECT 1)
    OFFSET @__p_2 ROWS FETCH NEXT @__p_3 ROWS ONLY
) AS [s]
LEFT JOIN [ProductImage] AS [p0] ON [s].[Id] = [p0].[ProductId]
LEFT JOIN [ProductSize] AS [p1] ON [s].[Id] = [p1].[ProductId]
ORDER BY [s].[Id], [s].[Id0], [p0].[Id]
2025-10-08 09:46:29.579 +05:30 [INF] Executing ObjectResult, writing value of type 'ShoeCartBackend.Common.ApiResponse`1[[System.Collections.Generic.IEnumerable`1[[ProductDTO, ShoeCartBackend, Version=1.0.0.0, Culture=neutral, PublicKeyToken=null]], System.Private.CoreLib, Version=8.0.0.0, Culture=neutral, PublicKeyToken=7cec85d7bea7798e]]'.
2025-10-08 09:46:29.582 +05:30 [INF] Executed action ProductsController.GetFilteredProducts (ShoeCartBackend) in 17.6259ms
2025-10-08 09:46:29.584 +05:30 [INF] Executed endpoint 'ProductsController.GetFilteredProducts (ShoeCartBackend)'
2025-10-08 09:46:29.585 +05:30 [INF] Request finished HTTP/2 GET https://localhost:58476/api/Products/filter?name=nike&inStock=true&page=1&pageSize=3&descending=true - 200 null application/json; charset=utf-8 78.1032ms
