2025-10-19 12:17:28.166 +05:30 [INF] Starting up ShoeCartBackend...
2025-10-19 12:17:28.375 +05:30 [INF] User profile is available. Using 'C:\Users\rinsh\AppData\Local\ASP.NET\DataProtection-Keys' as key repository and Windows DPAPI to encrypt keys at rest.
2025-10-19 12:17:28.866 +05:30 [INF] Now listening on: http://localhost:58477
2025-10-19 12:17:28.869 +05:30 [INF] Now listening on: https://localhost:58476
2025-10-19 12:17:29.000 +05:30 [INF] Application started. Press Ctrl+C to shut down.
2025-10-19 12:17:29.002 +05:30 [INF] Hosting environment: Development
2025-10-19 12:17:29.004 +05:30 [INF] Content root path: C:\Users\rinsh\source\repos\ShoeCartBackend\ShoeCartBackend
2025-10-19 12:17:33.004 +05:30 [INF] Request starting HTTP/1.1 GET http://localhost:58477/ - null null
2025-10-19 12:17:33.403 +05:30 [INF] Request finished HTTP/1.1 GET http://localhost:58477/ - 307 0 null 415.3585ms
2025-10-19 12:17:33.436 +05:30 [INF] Request starting HTTP/2 GET https://localhost:58476/ - null null
2025-10-19 12:17:33.553 +05:30 [INF] Executing endpoint 'HTTP: GET /'
2025-10-19 12:17:33.591 +05:30 [INF] Executing RedirectResult, redirecting to /swagger.
2025-10-19 12:17:33.600 +05:30 [INF] Executed endpoint 'HTTP: GET /'
2025-10-19 12:17:33.611 +05:30 [INF] Request finished HTTP/2 GET https://localhost:58476/ - 302 0 null 175.4282ms
2025-10-19 12:17:33.844 +05:30 [INF] Request starting HTTP/2 GET https://localhost:58476/_framework/aspnetcore-browser-refresh.js - null null
2025-10-19 12:17:33.851 +05:30 [INF] Request starting HTTP/2 GET https://localhost:58476/_vs/browserLink - null null
2025-10-19 12:17:33.889 +05:30 [INF] Request finished HTTP/2 GET https://localhost:58476/_framework/aspnetcore-browser-refresh.js - 200 13766 application/javascript; charset=utf-8 45.9872ms
2025-10-19 12:17:33.969 +05:30 [INF] Request finished HTTP/2 GET https://localhost:58476/_vs/browserLink - 200 null text/javascript; charset=UTF-8 118.394ms
2025-10-19 12:17:34.076 +05:30 [INF] Request starting HTTP/2 GET https://localhost:58476/swagger/v1/swagger.json - null null
2025-10-19 12:17:34.138 +05:30 [INF] Request finished HTTP/2 GET https://localhost:58476/swagger/v1/swagger.json - 200 null application/json;charset=utf-8 62.7823ms
2025-10-19 12:17:43.131 +05:30 [INF] Request starting HTTP/2 POST https://localhost:58476/api/Auth/login - application/json 68
2025-10-19 12:17:43.151 +05:30 [INF] CORS policy execution failed.
2025-10-19 12:17:43.154 +05:30 [INF] Request origin https://localhost:58476 does not have permission to access the resource.
2025-10-19 12:17:43.159 +05:30 [INF] Executing endpoint 'ShoeCartBackend.Controllers.AuthController.Login (ShoeCartBackend)'
2025-10-19 12:17:43.197 +05:30 [INF] Route matched with {action = "Login", controller = "Auth"}. Executing controller action with signature System.Threading.Tasks.Task`1[Microsoft.AspNetCore.Mvc.IActionResult] Login(ShoeCartBackend.DTOs.AuthDTO.LoginRequestDto) on controller ShoeCartBackend.Controllers.AuthController (ShoeCartBackend).
2025-10-19 12:17:44.453 +05:30 [WRN] No store type was specified for the decimal property 'Price' on entity type 'CartItem'. This will cause values to be silently truncated if they do not fit in the default precision and scale. Explicitly specify the SQL server column type that can accommodate all the values in 'OnModelCreating' using 'HasColumnType', specify precision and scale using 'HasPrecision', or configure a value converter using 'HasConversion'.
2025-10-19 12:17:44.457 +05:30 [WRN] No store type was specified for the decimal property 'Price' on entity type 'Product'. This will cause values to be silently truncated if they do not fit in the default precision and scale. Explicitly specify the SQL server column type that can accommodate all the values in 'OnModelCreating' using 'HasColumnType', specify precision and scale using 'HasPrecision', or configure a value converter using 'HasConversion'.
2025-10-19 12:17:44.591 +05:30 [INF] Executing BadRequestObjectResult, writing value of type 'Microsoft.AspNetCore.Mvc.ValidationProblemDetails'.
2025-10-19 12:17:44.636 +05:30 [INF] Executed action ShoeCartBackend.Controllers.AuthController.Login (ShoeCartBackend) in 1426.7274ms
2025-10-19 12:17:44.639 +05:30 [INF] Executed endpoint 'ShoeCartBackend.Controllers.AuthController.Login (ShoeCartBackend)'
2025-10-19 12:17:44.650 +05:30 [INF] Request finished HTTP/2 POST https://localhost:58476/api/Auth/login - 400 null application/problem+json; charset=utf-8 1519.1998ms
2025-10-19 12:18:01.860 +05:30 [INF] Request starting HTTP/2 POST https://localhost:58476/api/Auth/login - application/json 67
2025-10-19 12:18:01.868 +05:30 [INF] CORS policy execution failed.
2025-10-19 12:18:01.870 +05:30 [INF] Request origin https://localhost:58476 does not have permission to access the resource.
2025-10-19 12:18:01.874 +05:30 [INF] Executing endpoint 'ShoeCartBackend.Controllers.AuthController.Login (ShoeCartBackend)'
2025-10-19 12:18:01.878 +05:30 [INF] Route matched with {action = "Login", controller = "Auth"}. Executing controller action with signature System.Threading.Tasks.Task`1[Microsoft.AspNetCore.Mvc.IActionResult] Login(ShoeCartBackend.DTOs.AuthDTO.LoginRequestDto) on controller ShoeCartBackend.Controllers.AuthController (ShoeCartBackend).
2025-10-19 12:18:05.148 +05:30 [INF] Executed DbCommand (448ms) [Parameters=[@__dto_Email_0='?' (Size = 450)], CommandType='"Text"', CommandTimeout='30']
SELECT TOP(1) [u].[Id], [u].[CreatedBy], [u].[CreatedOn], [u].[DeletedBy], [u].[DeletedOn], [u].[Email], [u].[IsBlocked], [u].[IsDeleted], [u].[ModifiedBy], [u].[ModifiedOn], [u].[Name], [u].[PasswordHash], [u].[RefreshToken], [u].[RefreshTokenExpiryTime], [u].[Role]
FROM [Users] AS [u]
WHERE [u].[Email] = @__dto_Email_0
2025-10-19 12:18:05.186 +05:30 [INF] Executing ObjectResult, writing value of type 'ShoeCartBackend.DTOs.AuthDTO.AuthResponseDto'.
2025-10-19 12:18:05.191 +05:30 [INF] Executed action ShoeCartBackend.Controllers.AuthController.Login (ShoeCartBackend) in 3306.2781ms
2025-10-19 12:18:05.195 +05:30 [INF] Executed endpoint 'ShoeCartBackend.Controllers.AuthController.Login (ShoeCartBackend)'
2025-10-19 12:18:05.205 +05:30 [INF] Request finished HTTP/2 POST https://localhost:58476/api/Auth/login - 401 null application/json; charset=utf-8 3345.8172ms
2025-10-19 12:18:34.194 +05:30 [INF] Request starting HTTP/2 POST https://localhost:58476/api/Auth/register - application/json 85
2025-10-19 12:18:34.219 +05:30 [INF] CORS policy execution failed.
2025-10-19 12:18:34.221 +05:30 [INF] Request origin https://localhost:58476 does not have permission to access the resource.
2025-10-19 12:18:34.224 +05:30 [INF] Executing endpoint 'ShoeCartBackend.Controllers.AuthController.Register (ShoeCartBackend)'
2025-10-19 12:18:34.230 +05:30 [INF] Route matched with {action = "Register", controller = "Auth"}. Executing controller action with signature System.Threading.Tasks.Task`1[Microsoft.AspNetCore.Mvc.IActionResult] Register(ShoeCartBackend.DTOs.AuthDTO.RegisterRequestDto) on controller ShoeCartBackend.Controllers.AuthController (ShoeCartBackend).
2025-10-19 12:18:34.686 +05:30 [INF] Executed DbCommand (428ms) [Parameters=[@__dto_Email_0='?' (Size = 450)], CommandType='"Text"', CommandTimeout='30']
SELECT TOP(1) [u].[Id], [u].[CreatedBy], [u].[CreatedOn], [u].[DeletedBy], [u].[DeletedOn], [u].[Email], [u].[IsBlocked], [u].[IsDeleted], [u].[ModifiedBy], [u].[ModifiedOn], [u].[Name], [u].[PasswordHash], [u].[RefreshToken], [u].[RefreshTokenExpiryTime], [u].[Role]
FROM [Users] AS [u]
WHERE [u].[Email] = @__dto_Email_0
2025-10-19 12:18:35.551 +05:30 [INF] Executed DbCommand (319ms) [Parameters=[@p0='?' (Size = 4000), @p1='?' (DbType = DateTime2), @p2='?' (Size = 4000), @p3='?' (DbType = DateTime2), @p4='?' (Size = 450), @p5='?' (DbType = Boolean), @p6='?' (DbType = Boolean), @p7='?' (Size = 4000), @p8='?' (DbType = DateTime2), @p9='?' (Size = 4000), @p10='?' (Size = 4000), @p11='?' (Size = 4000), @p12='?' (DbType = DateTime2), @p13='?' (Size = 4000)], CommandType='"Text"', CommandTimeout='30']
SET IMPLICIT_TRANSACTIONS OFF;
SET NOCOUNT ON;
INSERT INTO [Users] ([CreatedBy], [CreatedOn], [DeletedBy], [DeletedOn], [Email], [IsBlocked], [IsDeleted], [ModifiedBy], [ModifiedOn], [Name], [PasswordHash], [RefreshToken], [RefreshTokenExpiryTime], [Role])
OUTPUT INSERTED.[Id]
VALUES (@p0, @p1, @p2, @p3, @p4, @p5, @p6, @p7, @p8, @p9, @p10, @p11, @p12, @p13);
2025-10-19 12:18:35.597 +05:30 [INF] Executing ObjectResult, writing value of type 'ShoeCartBackend.DTOs.AuthDTO.AuthResponseDto'.
2025-10-19 12:18:35.602 +05:30 [INF] Executed action ShoeCartBackend.Controllers.AuthController.Register (ShoeCartBackend) in 1364.6628ms
2025-10-19 12:18:35.604 +05:30 [INF] Executed endpoint 'ShoeCartBackend.Controllers.AuthController.Register (ShoeCartBackend)'
2025-10-19 12:18:35.606 +05:30 [INF] Request finished HTTP/2 POST https://localhost:58476/api/Auth/register - 200 null application/json; charset=utf-8 1411.9175ms
2025-10-19 12:19:09.579 +05:30 [INF] Request starting HTTP/2 POST https://localhost:58476/api/Auth/login - application/json 65
2025-10-19 12:19:09.609 +05:30 [INF] CORS policy execution failed.
2025-10-19 12:19:09.613 +05:30 [INF] Request origin https://localhost:58476 does not have permission to access the resource.
2025-10-19 12:19:09.619 +05:30 [INF] Executing endpoint 'ShoeCartBackend.Controllers.AuthController.Login (ShoeCartBackend)'
2025-10-19 12:19:09.624 +05:30 [INF] Route matched with {action = "Login", controller = "Auth"}. Executing controller action with signature System.Threading.Tasks.Task`1[Microsoft.AspNetCore.Mvc.IActionResult] Login(ShoeCartBackend.DTOs.AuthDTO.LoginRequestDto) on controller ShoeCartBackend.Controllers.AuthController (ShoeCartBackend).
2025-10-19 12:19:10.003 +05:30 [INF] Executed DbCommand (362ms) [Parameters=[@__dto_Email_0='?' (Size = 450)], CommandType='"Text"', CommandTimeout='30']
SELECT TOP(1) [u].[Id], [u].[CreatedBy], [u].[CreatedOn], [u].[DeletedBy], [u].[DeletedOn], [u].[Email], [u].[IsBlocked], [u].[IsDeleted], [u].[ModifiedBy], [u].[ModifiedOn], [u].[Name], [u].[PasswordHash], [u].[RefreshToken], [u].[RefreshTokenExpiryTime], [u].[Role]
FROM [Users] AS [u]
WHERE [u].[Email] = @__dto_Email_0
2025-10-19 12:19:10.220 +05:30 [INF] Executing ObjectResult, writing value of type 'ShoeCartBackend.DTOs.AuthDTO.AuthResponseDto'.
2025-10-19 12:19:10.224 +05:30 [INF] Executed action ShoeCartBackend.Controllers.AuthController.Login (ShoeCartBackend) in 590.8051ms
2025-10-19 12:19:10.227 +05:30 [INF] Executed endpoint 'ShoeCartBackend.Controllers.AuthController.Login (ShoeCartBackend)'
2025-10-19 12:19:10.230 +05:30 [INF] Request finished HTTP/2 POST https://localhost:58476/api/Auth/login - 401 null application/json; charset=utf-8 652.2658ms
2025-10-19 12:19:24.566 +05:30 [INF] Request starting HTTP/2 POST https://localhost:58476/api/Auth/login - application/json 65
2025-10-19 12:19:24.588 +05:30 [INF] CORS policy execution failed.
2025-10-19 12:19:24.591 +05:30 [INF] Request origin https://localhost:58476 does not have permission to access the resource.
2025-10-19 12:19:24.594 +05:30 [INF] Executing endpoint 'ShoeCartBackend.Controllers.AuthController.Login (ShoeCartBackend)'
2025-10-19 12:19:24.596 +05:30 [INF] Route matched with {action = "Login", controller = "Auth"}. Executing controller action with signature System.Threading.Tasks.Task`1[Microsoft.AspNetCore.Mvc.IActionResult] Login(ShoeCartBackend.DTOs.AuthDTO.LoginRequestDto) on controller ShoeCartBackend.Controllers.AuthController (ShoeCartBackend).
2025-10-19 12:19:24.953 +05:30 [INF] Executed DbCommand (352ms) [Parameters=[@__dto_Email_0='?' (Size = 450)], CommandType='"Text"', CommandTimeout='30']
SELECT TOP(1) [u].[Id], [u].[CreatedBy], [u].[CreatedOn], [u].[DeletedBy], [u].[DeletedOn], [u].[Email], [u].[IsBlocked], [u].[IsDeleted], [u].[ModifiedBy], [u].[ModifiedOn], [u].[Name], [u].[PasswordHash], [u].[RefreshToken], [u].[RefreshTokenExpiryTime], [u].[Role]
FROM [Users] AS [u]
WHERE [u].[Email] = @__dto_Email_0
2025-10-19 12:19:25.163 +05:30 [INF] Executing ObjectResult, writing value of type 'ShoeCartBackend.DTOs.AuthDTO.AuthResponseDto'.
2025-10-19 12:19:25.166 +05:30 [INF] Executed action ShoeCartBackend.Controllers.AuthController.Login (ShoeCartBackend) in 565.9711ms
2025-10-19 12:19:25.168 +05:30 [INF] Executed endpoint 'ShoeCartBackend.Controllers.AuthController.Login (ShoeCartBackend)'
2025-10-19 12:19:25.170 +05:30 [INF] Request finished HTTP/2 POST https://localhost:58476/api/Auth/login - 401 null application/json; charset=utf-8 604.6126ms
2025-10-19 12:19:31.229 +05:30 [INF] Request starting HTTP/2 GET https://localhost:58476/swagger/index.html - null null
2025-10-19 12:19:31.397 +05:30 [INF] Request finished HTTP/2 GET https://localhost:58476/swagger/index.html - 200 null text/html;charset=utf-8 167.7856ms
2025-10-19 12:19:31.432 +05:30 [INF] Request starting HTTP/2 GET https://localhost:58476/_vs/browserLink - null null
2025-10-19 12:19:31.433 +05:30 [INF] Request starting HTTP/2 GET https://localhost:58476/_framework/aspnetcore-browser-refresh.js - null null
2025-10-19 12:19:31.468 +05:30 [INF] Request finished HTTP/2 GET https://localhost:58476/_framework/aspnetcore-browser-refresh.js - 200 13766 application/javascript; charset=utf-8 35.6594ms
2025-10-19 12:19:31.483 +05:30 [INF] Request finished HTTP/2 GET https://localhost:58476/_vs/browserLink - 200 null text/javascript; charset=UTF-8 50.6787ms
2025-10-19 12:19:31.632 +05:30 [INF] Request starting HTTP/2 GET https://localhost:58476/swagger/v1/swagger.json - null null
2025-10-19 12:19:31.688 +05:30 [INF] Request finished HTTP/2 GET https://localhost:58476/swagger/v1/swagger.json - 200 null application/json;charset=utf-8 55.9977ms
2025-10-19 12:19:59.573 +05:30 [INF] Request starting HTTP/2 POST https://localhost:58476/api/Auth/login - application/json 64
2025-10-19 12:19:59.606 +05:30 [INF] CORS policy execution failed.
2025-10-19 12:19:59.609 +05:30 [INF] Request origin https://localhost:58476 does not have permission to access the resource.
2025-10-19 12:19:59.614 +05:30 [INF] Executing endpoint 'ShoeCartBackend.Controllers.AuthController.Login (ShoeCartBackend)'
2025-10-19 12:19:59.617 +05:30 [INF] Route matched with {action = "Login", controller = "Auth"}. Executing controller action with signature System.Threading.Tasks.Task`1[Microsoft.AspNetCore.Mvc.IActionResult] Login(ShoeCartBackend.DTOs.AuthDTO.LoginRequestDto) on controller ShoeCartBackend.Controllers.AuthController (ShoeCartBackend).
2025-10-19 12:19:59.896 +05:30 [INF] Executed DbCommand (276ms) [Parameters=[@__dto_Email_0='?' (Size = 450)], CommandType='"Text"', CommandTimeout='30']
SELECT TOP(1) [u].[Id], [u].[CreatedBy], [u].[CreatedOn], [u].[DeletedBy], [u].[DeletedOn], [u].[Email], [u].[IsBlocked], [u].[IsDeleted], [u].[ModifiedBy], [u].[ModifiedOn], [u].[Name], [u].[PasswordHash], [u].[RefreshToken], [u].[RefreshTokenExpiryTime], [u].[Role]
FROM [Users] AS [u]
WHERE [u].[Email] = @__dto_Email_0
2025-10-19 12:20:00.505 +05:30 [INF] Executed DbCommand (304ms) [Parameters=[@p14='?' (DbType = Int32), @p0='?' (Size = 4000), @p1='?' (DbType = DateTime2), @p2='?' (Size = 4000), @p3='?' (DbType = DateTime2), @p4='?' (Size = 450), @p5='?' (DbType = Boolean), @p6='?' (DbType = Boolean), @p7='?' (Size = 4000), @p8='?' (DbType = DateTime2), @p9='?' (Size = 4000), @p10='?' (Size = 4000), @p11='?' (Size = 4000), @p12='?' (DbType = DateTime2), @p13='?' (Size = 4000)], CommandType='"Text"', CommandTimeout='30']
SET IMPLICIT_TRANSACTIONS OFF;
SET NOCOUNT ON;
UPDATE [Users] SET [CreatedBy] = @p0, [CreatedOn] = @p1, [DeletedBy] = @p2, [DeletedOn] = @p3, [Email] = @p4, [IsBlocked] = @p5, [IsDeleted] = @p6, [ModifiedBy] = @p7, [ModifiedOn] = @p8, [Name] = @p9, [PasswordHash] = @p10, [RefreshToken] = @p11, [RefreshTokenExpiryTime] = @p12, [Role] = @p13
OUTPUT 1
WHERE [Id] = @p14;
2025-10-19 12:20:00.543 +05:30 [INF] Executing OkObjectResult, writing value of type '<>f__AnonymousType0`3[[System.String, System.Private.CoreLib, Version=8.0.0.0, Culture=neutral, PublicKeyToken=7cec85d7bea7798e],[System.String, System.Private.CoreLib, Version=8.0.0.0, Culture=neutral, PublicKeyToken=7cec85d7bea7798e],[System.String, System.Private.CoreLib, Version=8.0.0.0, Culture=neutral, PublicKeyToken=7cec85d7bea7798e]]'.
2025-10-19 12:20:00.568 +05:30 [INF] Executed action ShoeCartBackend.Controllers.AuthController.Login (ShoeCartBackend) in 948.9327ms
2025-10-19 12:20:00.577 +05:30 [INF] Executed endpoint 'ShoeCartBackend.Controllers.AuthController.Login (ShoeCartBackend)'
2025-10-19 12:20:00.585 +05:30 [INF] Request finished HTTP/2 POST https://localhost:58476/api/Auth/login - 200 null application/json; charset=utf-8 1013.2813ms
2025-10-19 12:21:30.177 +05:30 [INF] Starting up ShoeCartBackend...
2025-10-19 12:21:30.337 +05:30 [INF] User profile is available. Using 'C:\Users\rinsh\AppData\Local\ASP.NET\DataProtection-Keys' as key repository and Windows DPAPI to encrypt keys at rest.
2025-10-19 12:21:30.782 +05:30 [INF] Now listening on: http://localhost:58477
2025-10-19 12:21:30.785 +05:30 [INF] Now listening on: https://localhost:58476
2025-10-19 12:21:31.275 +05:30 [INF] Request starting HTTP/1.1 GET http://localhost:58477/ - null null
2025-10-19 12:21:31.326 +05:30 [INF] Application started. Press Ctrl+C to shut down.
2025-10-19 12:21:31.368 +05:30 [INF] Hosting environment: Development
2025-10-19 12:21:31.430 +05:30 [INF] Content root path: C:\Users\rinsh\source\repos\ShoeCartBackend\ShoeCartBackend
2025-10-19 12:21:31.693 +05:30 [INF] Request finished HTTP/1.1 GET http://localhost:58477/ - 307 0 null 438.0752ms
2025-10-19 12:21:31.716 +05:30 [INF] Request starting HTTP/2 GET https://localhost:58476/ - null null
2025-10-19 12:21:31.836 +05:30 [INF] Executing endpoint 'HTTP: GET /'
2025-10-19 12:21:31.865 +05:30 [INF] Executing RedirectResult, redirecting to /swagger.
2025-10-19 12:21:31.870 +05:30 [INF] Executed endpoint 'HTTP: GET /'
2025-10-19 12:21:31.875 +05:30 [INF] Request finished HTTP/2 GET https://localhost:58476/ - 302 0 null 160.234ms
2025-10-19 12:21:32.097 +05:30 [INF] Request starting HTTP/2 GET https://localhost:58476/_framework/aspnetcore-browser-refresh.js - null null
2025-10-19 12:21:32.118 +05:30 [INF] Request finished HTTP/2 GET https://localhost:58476/_framework/aspnetcore-browser-refresh.js - 200 13766 application/javascript; charset=utf-8 21.283ms
2025-10-19 12:21:32.151 +05:30 [INF] Request starting HTTP/2 GET https://localhost:58476/_vs/browserLink - null null
2025-10-19 12:21:32.209 +05:30 [INF] Request finished HTTP/2 GET https://localhost:58476/_vs/browserLink - 200 null text/javascript; charset=UTF-8 58.3008ms
2025-10-19 12:21:32.302 +05:30 [INF] Request starting HTTP/2 GET https://localhost:58476/swagger/v1/swagger.json - null null
2025-10-19 12:21:32.351 +05:30 [INF] Request finished HTTP/2 GET https://localhost:58476/swagger/v1/swagger.json - 200 null application/json;charset=utf-8 48.6348ms
2025-10-19 12:21:48.015 +05:30 [INF] Request starting HTTP/2 GET https://localhost:58476/.well-known/appspecific/com.chrome.devtools.json - null null
2025-10-19 12:21:48.024 +05:30 [INF] Request finished HTTP/2 GET https://localhost:58476/.well-known/appspecific/com.chrome.devtools.json - 404 0 null 9.539ms
2025-10-19 12:21:48.032 +05:30 [INF] Request reached the end of the middleware pipeline without being handled by application code. Request path: GET https://localhost:58476/.well-known/appspecific/com.chrome.devtools.json, Response status code: 404
2025-10-19 12:22:13.484 +05:30 [INF] Request starting HTTP/2 POST https://localhost:58476/api/Auth/register - application/json 79
2025-10-19 12:22:13.497 +05:30 [INF] CORS policy execution failed.
2025-10-19 12:22:13.499 +05:30 [INF] Request origin https://localhost:58476 does not have permission to access the resource.
2025-10-19 12:22:13.505 +05:30 [INF] Executing endpoint 'ShoeCartBackend.Controllers.AuthController.Register (ShoeCartBackend)'
2025-10-19 12:22:13.541 +05:30 [INF] Route matched with {action = "Register", controller = "Auth"}. Executing controller action with signature System.Threading.Tasks.Task`1[Microsoft.AspNetCore.Mvc.IActionResult] Register(ShoeCartBackend.DTOs.AuthDTO.RegisterRequestDto) on controller ShoeCartBackend.Controllers.AuthController (ShoeCartBackend).
2025-10-19 12:22:14.602 +05:30 [WRN] No store type was specified for the decimal property 'Price' on entity type 'CartItem'. This will cause values to be silently truncated if they do not fit in the default precision and scale. Explicitly specify the SQL server column type that can accommodate all the values in 'OnModelCreating' using 'HasColumnType', specify precision and scale using 'HasPrecision', or configure a value converter using 'HasConversion'.
2025-10-19 12:22:14.607 +05:30 [WRN] No store type was specified for the decimal property 'Price' on entity type 'Product'. This will cause values to be silently truncated if they do not fit in the default precision and scale. Explicitly specify the SQL server column type that can accommodate all the values in 'OnModelCreating' using 'HasColumnType', specify precision and scale using 'HasPrecision', or configure a value converter using 'HasConversion'.
2025-10-19 12:22:17.314 +05:30 [INF] Executed DbCommand (355ms) [Parameters=[@__dto_Email_0='?' (Size = 450)], CommandType='"Text"', CommandTimeout='30']
SELECT TOP(1) [u].[Id], [u].[CreatedBy], [u].[CreatedOn], [u].[DeletedBy], [u].[DeletedOn], [u].[Email], [u].[IsBlocked], [u].[IsDeleted], [u].[ModifiedBy], [u].[ModifiedOn], [u].[Name], [u].[PasswordHash], [u].[RefreshToken], [u].[RefreshTokenExpiryTime], [u].[Role]
FROM [Users] AS [u]
WHERE [u].[Email] = @__dto_Email_0
2025-10-19 12:22:18.329 +05:30 [INF] Executed DbCommand (338ms) [Parameters=[@p0='?' (Size = 4000), @p1='?' (DbType = DateTime2), @p2='?' (Size = 4000), @p3='?' (DbType = DateTime2), @p4='?' (Size = 450), @p5='?' (DbType = Boolean), @p6='?' (DbType = Boolean), @p7='?' (Size = 4000), @p8='?' (DbType = DateTime2), @p9='?' (Size = 4000), @p10='?' (Size = 4000), @p11='?' (Size = 4000), @p12='?' (DbType = DateTime2), @p13='?' (Size = 4000)], CommandType='"Text"', CommandTimeout='30']
SET IMPLICIT_TRANSACTIONS OFF;
SET NOCOUNT ON;
INSERT INTO [Users] ([CreatedBy], [CreatedOn], [DeletedBy], [DeletedOn], [Email], [IsBlocked], [IsDeleted], [ModifiedBy], [ModifiedOn], [Name], [PasswordHash], [RefreshToken], [RefreshTokenExpiryTime], [Role])
OUTPUT INSERTED.[Id]
VALUES (@p0, @p1, @p2, @p3, @p4, @p5, @p6, @p7, @p8, @p9, @p10, @p11, @p12, @p13);
2025-10-19 12:22:18.420 +05:30 [INF] Executing ObjectResult, writing value of type 'ShoeCartBackend.DTOs.AuthDTO.AuthResponseDto'.
2025-10-19 12:22:18.433 +05:30 [INF] Executed action ShoeCartBackend.Controllers.AuthController.Register (ShoeCartBackend) in 4884.4551ms
2025-10-19 12:22:18.438 +05:30 [INF] Executed endpoint 'ShoeCartBackend.Controllers.AuthController.Register (ShoeCartBackend)'
2025-10-19 12:22:18.451 +05:30 [INF] Request finished HTTP/2 POST https://localhost:58476/api/Auth/register - 200 null application/json; charset=utf-8 4967.359ms
