2025-10-20 00:23:59.562 +05:30 [INF] Starting up ShoeCartBackend...
2025-10-20 00:23:59.670 +05:30 [INF] User profile is available. Using 'C:\Users\rinsh\AppData\Local\ASP.NET\DataProtection-Keys' as key repository and Windows DPAPI to encrypt keys at rest.
2025-10-20 00:23:59.907 +05:30 [INF] Now listening on: http://localhost:58477
2025-10-20 00:23:59.908 +05:30 [INF] Now listening on: https://localhost:58476
2025-10-20 00:23:59.913 +05:30 [INF] Application started. Press Ctrl+C to shut down.
2025-10-20 00:23:59.915 +05:30 [INF] Hosting environment: Development
2025-10-20 00:23:59.917 +05:30 [INF] Content root path: C:\Users\rinsh\OneDrive\Desktop\Hosting\ShoeCartBackend\ShoeCartBackend
2025-10-20 00:24:08.248 +05:30 [INF] Request starting HTTP/1.1 GET http://localhost:58477/ - null null
2025-10-20 00:24:08.338 +05:30 [INF] Request finished HTTP/1.1 GET http://localhost:58477/ - 307 0 null 93.1202ms
2025-10-20 00:24:08.676 +05:30 [INF] Request starting HTTP/2 GET https://localhost:58476/ - null null
2025-10-20 00:24:08.742 +05:30 [INF] Executing endpoint 'HTTP: GET /'
2025-10-20 00:24:08.751 +05:30 [INF] Executing RedirectResult, redirecting to /swagger.
2025-10-20 00:24:08.754 +05:30 [INF] Executed endpoint 'HTTP: GET /'
2025-10-20 00:24:08.758 +05:30 [INF] Request finished HTTP/2 GET https://localhost:58476/ - 302 0 null 82.0536ms
2025-10-20 00:24:08.767 +05:30 [INF] Request starting HTTP/2 GET https://localhost:58476/swagger - null null
2025-10-20 00:24:08.776 +05:30 [INF] Request finished HTTP/2 GET https://localhost:58476/swagger - 301 0 null 9.6764ms
2025-10-20 00:24:08.783 +05:30 [INF] Request starting HTTP/2 GET https://localhost:58476/swagger/index.html - null null
2025-10-20 00:24:08.879 +05:30 [INF] Request finished HTTP/2 GET https://localhost:58476/swagger/index.html - 200 null text/html;charset=utf-8 95.5775ms
2025-10-20 00:24:08.925 +05:30 [INF] Request starting HTTP/2 GET https://localhost:58476/swagger/swagger-ui.css - null null
2025-10-20 00:24:08.925 +05:30 [INF] Request starting HTTP/2 GET https://localhost:58476/swagger/index.css - null null
2025-10-20 00:24:08.929 +05:30 [INF] Request starting HTTP/2 GET https://localhost:58476/swagger/swagger-ui-bundle.js - null null
2025-10-20 00:24:08.929 +05:30 [INF] Request starting HTTP/2 GET https://localhost:58476/swagger/swagger-ui-standalone-preset.js - null null
2025-10-20 00:24:08.929 +05:30 [INF] Request starting HTTP/2 GET https://localhost:58476/swagger/index.js - null null
2025-10-20 00:24:08.955 +05:30 [INF] Request finished HTTP/2 GET https://localhost:58476/swagger/index.css - 200 152 text/css 29.2813ms
2025-10-20 00:24:08.955 +05:30 [INF] Request finished HTTP/2 GET https://localhost:58476/swagger/index.js - 200 null application/javascript;charset=utf-8 25.5369ms
2025-10-20 00:24:08.969 +05:30 [INF] Request finished HTTP/2 GET https://localhost:58476/swagger/swagger-ui-standalone-preset.js - 200 77352 text/javascript 40.479ms
2025-10-20 00:24:08.969 +05:30 [INF] Request finished HTTP/2 GET https://localhost:58476/swagger/swagger-ui.css - 200 23647 text/css 43.8526ms
2025-10-20 00:24:08.975 +05:30 [INF] Request finished HTTP/2 GET https://localhost:58476/swagger/swagger-ui-bundle.js - 200 424767 text/javascript 45.8749ms
2025-10-20 00:24:09.412 +05:30 [INF] Request starting HTTP/2 GET https://localhost:58476/swagger/v1/swagger.json - null null
2025-10-20 00:24:09.797 +05:30 [INF] Request finished HTTP/2 GET https://localhost:58476/swagger/v1/swagger.json - 200 null application/json;charset=utf-8 385.6243ms
2025-10-20 00:24:35.569 +05:30 [INF] Request starting HTTP/2 POST https://localhost:58476/api/Auth/login - application/json 64
2025-10-20 00:24:35.586 +05:30 [INF] CORS policy execution failed.
2025-10-20 00:24:35.588 +05:30 [INF] Request origin https://localhost:58476 does not have permission to access the resource.
2025-10-20 00:24:35.594 +05:30 [INF] Executing endpoint 'ShoeCartBackend.Controllers.AuthController.Login (ShoeCartBackend)'
2025-10-20 00:24:35.626 +05:30 [INF] Route matched with {action = "Login", controller = "Auth"}. Executing controller action with signature System.Threading.Tasks.Task`1[Microsoft.AspNetCore.Mvc.IActionResult] Login(ShoeCartBackend.DTOs.AuthDTO.LoginRequestDto) on controller ShoeCartBackend.Controllers.AuthController (ShoeCartBackend).
2025-10-20 00:24:36.647 +05:30 [WRN] No store type was specified for the decimal property 'Price' on entity type 'CartItem'. This will cause values to be silently truncated if they do not fit in the default precision and scale. Explicitly specify the SQL server column type that can accommodate all the values in 'OnModelCreating' using 'HasColumnType', specify precision and scale using 'HasPrecision', or configure a value converter using 'HasConversion'.
2025-10-20 00:24:36.651 +05:30 [WRN] No store type was specified for the decimal property 'Price' on entity type 'Product'. This will cause values to be silently truncated if they do not fit in the default precision and scale. Explicitly specify the SQL server column type that can accommodate all the values in 'OnModelCreating' using 'HasColumnType', specify precision and scale using 'HasPrecision', or configure a value converter using 'HasConversion'.
2025-10-20 00:24:39.686 +05:30 [INF] Executed DbCommand (360ms) [Parameters=[@__dto_Email_0='?' (Size = 450)], CommandType='"Text"', CommandTimeout='30']
SELECT TOP(1) [u].[Id], [u].[CreatedBy], [u].[CreatedOn], [u].[DeletedBy], [u].[DeletedOn], [u].[Email], [u].[IsBlocked], [u].[IsDeleted], [u].[ModifiedBy], [u].[ModifiedOn], [u].[Name], [u].[PasswordHash], [u].[RefreshToken], [u].[RefreshTokenExpiryTime], [u].[Role]
FROM [Users] AS [u]
WHERE [u].[Email] = @__dto_Email_0
2025-10-20 00:24:40.640 +05:30 [INF] Executed DbCommand (276ms) [Parameters=[@p14='?' (DbType = Int32), @p0='?' (Size = 4000), @p1='?' (DbType = DateTime2), @p2='?' (Size = 4000), @p3='?' (DbType = DateTime2), @p4='?' (Size = 450), @p5='?' (DbType = Boolean), @p6='?' (DbType = Boolean), @p7='?' (Size = 4000), @p8='?' (DbType = DateTime2), @p9='?' (Size = 4000), @p10='?' (Size = 4000), @p11='?' (Size = 4000), @p12='?' (DbType = DateTime2), @p13='?' (Size = 4000)], CommandType='"Text"', CommandTimeout='30']
SET IMPLICIT_TRANSACTIONS OFF;
SET NOCOUNT ON;
UPDATE [Users] SET [CreatedBy] = @p0, [CreatedOn] = @p1, [DeletedBy] = @p2, [DeletedOn] = @p3, [Email] = @p4, [IsBlocked] = @p5, [IsDeleted] = @p6, [ModifiedBy] = @p7, [ModifiedOn] = @p8, [Name] = @p9, [PasswordHash] = @p10, [RefreshToken] = @p11, [RefreshTokenExpiryTime] = @p12, [Role] = @p13
OUTPUT 1
WHERE [Id] = @p14;
2025-10-20 00:24:40.720 +05:30 [INF] Executing OkObjectResult, writing value of type '<>f__AnonymousType0`3[[System.String, System.Private.CoreLib, Version=8.0.0.0, Culture=neutral, PublicKeyToken=7cec85d7bea7798e],[System.String, System.Private.CoreLib, Version=8.0.0.0, Culture=neutral, PublicKeyToken=7cec85d7bea7798e],[System.String, System.Private.CoreLib, Version=8.0.0.0, Culture=neutral, PublicKeyToken=7cec85d7bea7798e]]'.
2025-10-20 00:24:40.773 +05:30 [INF] Executed action ShoeCartBackend.Controllers.AuthController.Login (ShoeCartBackend) in 5134.416ms
2025-10-20 00:24:40.779 +05:30 [INF] Executed endpoint 'ShoeCartBackend.Controllers.AuthController.Login (ShoeCartBackend)'
2025-10-20 00:24:40.790 +05:30 [INF] Request finished HTTP/2 POST https://localhost:58476/api/Auth/login - 200 null application/json; charset=utf-8 5220.4797ms
2025-10-20 00:24:54.957 +05:30 [INF] Request starting HTTP/2 OPTIONS https://localhost:58476/api/cart - null null
2025-10-20 00:24:54.957 +05:30 [INF] Request starting HTTP/2 OPTIONS https://localhost:58476/api/cart - null null
2025-10-20 00:24:54.958 +05:30 [INF] Request starting HTTP/2 OPTIONS https://localhost:58476/api/wishlist?userId=1 - null null
2025-10-20 00:24:54.958 +05:30 [INF] Request starting HTTP/2 OPTIONS https://localhost:58476/api/cart - null null
2025-10-20 00:24:54.958 +05:30 [INF] Request starting HTTP/2 OPTIONS https://localhost:58476/api/wishlist?userId=1 - null null
2025-10-20 00:24:54.966 +05:30 [INF] CORS policy execution successful.
2025-10-20 00:24:54.970 +05:30 [INF] CORS policy execution successful.
2025-10-20 00:24:54.974 +05:30 [INF] CORS policy execution successful.
2025-10-20 00:24:54.979 +05:30 [INF] CORS policy execution successful.
2025-10-20 00:24:54.984 +05:30 [INF] CORS policy execution successful.
2025-10-20 00:24:54.986 +05:30 [INF] Request finished HTTP/2 OPTIONS https://localhost:58476/api/cart - 204 null null 28.8998ms
2025-10-20 00:24:54.986 +05:30 [INF] Request finished HTTP/2 OPTIONS https://localhost:58476/api/cart - 204 null null 28.6768ms
2025-10-20 00:24:54.987 +05:30 [INF] Request finished HTTP/2 OPTIONS https://localhost:58476/api/wishlist?userId=1 - 204 null null 29.6936ms
2025-10-20 00:24:54.990 +05:30 [INF] Request finished HTTP/2 OPTIONS https://localhost:58476/api/cart - 204 null null 32.1585ms
2025-10-20 00:24:54.994 +05:30 [INF] Request finished HTTP/2 OPTIONS https://localhost:58476/api/wishlist?userId=1 - 204 null null 36.106ms
2025-10-20 00:24:56.743 +05:30 [INF] Request starting HTTP/2 GET https://localhost:58476/api/users/1 - null null
2025-10-20 00:24:56.762 +05:30 [INF] Authorization failed. These requirements were not met:
RolesAuthorizationRequirement:User.IsInRole must be true for one of the following roles: (admin)
2025-10-20 00:24:56.775 +05:30 [INF] AuthenticationScheme: Bearer was challenged.
2025-10-20 00:24:56.777 +05:30 [INF] Request finished HTTP/2 GET https://localhost:58476/api/users/1 - 401 0 null 33.6817ms
2025-10-20 00:24:57.007 +05:30 [INF] Request starting HTTP/2 GET https://localhost:58476/api/cart - null null
2025-10-20 00:24:57.015 +05:30 [INF] Authorization failed. These requirements were not met:
DenyAnonymousAuthorizationRequirement: Requires an authenticated user.
RolesAuthorizationRequirement:User.IsInRole must be true for one of the following roles: (user)
2025-10-20 00:24:57.017 +05:30 [INF] AuthenticationScheme: Bearer was challenged.
2025-10-20 00:24:57.020 +05:30 [INF] Request finished HTTP/2 GET https://localhost:58476/api/cart - 401 0 null 13.1779ms
